2026-03-04 19:32:38 - root - INFO - «агрузка файла test.txt
2026-03-04 19:32:38 - root - ERROR - —бой в работе программы: [Errno 2] No such file or directory: 'test.txt'
Traceback (most recent call last):
  File "C:\Users\cinem\PycharmProjects\path planning\loader.py", line 93, in main
    points = load_txt("test.txt")
  File "C:\Users\cinem\PycharmProjects\path planning\loader.py", line 44, in load_txt
    with open(filepath, 'r') as f:
         ~~~~^^^^^^^^^^^^^^^
FileNotFoundError: [Errno 2] No such file or directory: 'test.txt'
2026-03-04 19:32:58 - root - INFO - «агрузка файла test.txt
2026-03-04 19:32:58 - root - ERROR - —бой в работе программы: [Errno 2] No such file or directory: 'test.txt'
Traceback (most recent call last):
  File "C:\Users\cinem\PycharmProjects\path planning\loader.py", line 93, in main
    points = load_txt("test.txt")
  File "C:\Users\cinem\PycharmProjects\path planning\loader.py", line 44, in load_txt
    with open(filepath, 'r') as f:
         ~~~~^^^^^^^^^^^^^^^
FileNotFoundError: [Errno 2] No such file or directory: 'test.txt'
2026-03-04 19:33:56 - root - INFO - «агрузка файла test.txt
2026-03-04 19:33:56 - root - ERROR - —бой в работе программы: ‘айл test.txt не содержит точек
Traceback (most recent call last):
  File "C:\Users\cinem\PycharmProjects\path planning\loader.py", line 93, in main
    points = load_txt("test.txt")
  File "C:\Users\cinem\PycharmProjects\path planning\loader.py", line 65, in load_txt
    raise EmptyFileError(f"‘айл {filepath} не содержит точек")
exceptions.EmptyFileError: ‘айл test.txt не содержит точек
2026-03-04 19:34:54 - root - INFO - «агрузка файла test.txt
2026-03-04 19:34:54 - root - INFO -  онтур успешно загружен
2026-03-04 19:35:24 - root - INFO - «агрузка файла test.txt
2026-03-04 19:35:24 - root - ERROR - —бой в работе программы: ‘айл test.txt не содержит точек
Traceback (most recent call last):
  File "C:\Users\cinem\PycharmProjects\path planning\loader.py", line 93, in main
    points = load_txt("test.txt")
  File "C:\Users\cinem\PycharmProjects\path planning\loader.py", line 65, in load_txt
    raise EmptyFileError(f"‘айл {filepath} не содержит точек")
exceptions.EmptyFileError: ‘айл test.txt не содержит точек
2026-03-04 19:35:48 - root - INFO - «агрузка файла test.txt
2026-03-04 19:35:48 - root - ERROR - —бой в работе программы: —трока 3: ожидалось 2 числа, получено 1: 10
Traceback (most recent call last):
  File "C:\Users\cinem\PycharmProjects\path planning\loader.py", line 93, in main
    points = load_txt("test.txt")
  File "C:\Users\cinem\PycharmProjects\path planning\loader.py", line 52, in load_txt
    raise ValueError(
    ...<2 lines>...
    )
ValueError: —трока 3: ожидалось 2 числа, получено 1: 10
2026-03-04 19:36:32 - root - INFO - «агрузка файла test.txt
2026-03-04 19:36:32 - root - ERROR - —бой в работе программы: ƒл€ построени€ контура нужно минимум 3 точки, получено 2
Traceback (most recent call last):
  File "C:\Users\cinem\PycharmProjects\path planning\loader.py", line 93, in main
    points = load_txt("test.txt")
  File "C:\Users\cinem\PycharmProjects\path planning\loader.py", line 67, in load_txt
    raise InsufficientPointsError(
    ...<2 lines>...
    )
exceptions.InsufficientPointsError: ƒл€ построени€ контура нужно минимум 3 точки, получено 2
2026-03-04 19:38:11 - root - INFO - «агрузка файла test.txt
2026-03-04 19:38:11 - root - ERROR - —бой в работе программы: —трока 3: некорректные данные: 10 –∞–њ–≤–∞–њ–∞–≤–њ
Traceback (most recent call last):
  File "C:\Users\cinem\PycharmProjects\path planning\loader.py", line 58, in load_txt
    y = float(parts[1])
ValueError: could not convert string to float: '–∞–њ–≤–∞–њ–∞–≤–њ'

The above exception was the direct cause of the following exception:

Traceback (most recent call last):
  File "C:\Users\cinem\PycharmProjects\path planning\loader.py", line 93, in main
    points = load_txt("test.txt")
  File "C:\Users\cinem\PycharmProjects\path planning\loader.py", line 60, in load_txt
    raise InvalidFormatError(
        f"—трока {line_number}: некорректные данные: {line}"
    ) from e
exceptions.InvalidFormatError: —трока 3: некорректные данные: 10 –∞–њ–≤–∞–њ–∞–≤–њ
